<?xml version="1.0" encoding="UTF-8"?>
<!-- Generated by org.testng.reporters.JUnitXMLReporter -->
<testsuite ignored="0" hostname="DESKTOP-571IDC" failures="0" tests="6" name="Regression Test" time="18.818" errors="0" timestamp="2023-12-04T11:05:21 IST">
  <testcase classname="testcases.POModelPharmeasyTest" name="LabTestsTest" time="2.828"/>
  <testcase classname="testcases.POModelPharmeasyTest" name="SetLocationTest" time="0.488"/>
  <testcase classname="testcases.POModelPharmeasyTest" name="searchTest" time="3.39"/>
  <testcase classname="testcases.POModelPharmeasyTest" name="SelectTest" time="0.985"/>
  <testcase classname="testcases.POModelPharmeasyTest" name="ViewCartTest" time="3.825"/>
  <testcase classname="testcases.POModelPharmeasyTest" name="ProceedTest" time="0.167"/>
</testsuite> <!-- Regression Test -->
