<?xml version="1.0" encoding="UTF-8"?>
<!-- Generated by org.testng.reporters.JUnitXMLReporter -->
<testsuite ignored="0" hostname="DESKTOP-571IDC" failures="0" tests="6" name="Test" time="20.405" errors="0" timestamp="2023-11-29T23:43:12 IST">
  <testcase classname="testcases.POModelPharmeasyTest" name="LabTestsTest" time="1.755"/>
  <testcase classname="testcases.POModelPharmeasyTest" name="SetLocationTest" time="4.335"/>
  <testcase classname="testcases.POModelPharmeasyTest" name="searchTest" time="2.444"/>
  <testcase classname="testcases.POModelPharmeasyTest" name="SelectTest" time="0.431"/>
  <testcase classname="testcases.POModelPharmeasyTest" name="ViewCartTest" time="3.19"/>
  <testcase classname="testcases.POModelPharmeasyTest" name="ProceedTest" time="0.153"/>
</testsuite> <!-- Test -->
