<?xml version="1.0" encoding="UTF-8"?>
<testsuite xmlns:xsi="http://www.w3.org/2001/XMLSchema-instance" xsi:noNamespaceSchemaLocation="https://maven.apache.org/surefire/maven-surefire-plugin/xsd/surefire-test-report.xsd" name="TestSuite" time="100.291" tests="12" errors="0" skipped="0" failures="4">
  <properties>
[...]
</properties>
  <testcase name="LabTestsTest" classname="testcases.PharmeasyTest" time="4.1"/>
  <testcase name="SetLocationTest" classname="testcases.PharmeasyTest" time="4.315"/>
  <testcase name="searchTest" classname="testcases.PharmeasyTest" time="0.31"/>
  <testcase name="SelectTest" classname="testcases.PharmeasyTest" time="1.432"/>
  <testcase name="ViewCartTest" classname="testcases.PharmeasyTest" time="2.163"/>
  <testcase name="ProceedTest" classname="testcases.PharmeasyTest" time="0.045"/>
  <testcase name="LabTestsTest" classname="testcases.POModelPharmeasyTest" time="5.194"/>
  <testcase name="SetLocationTest" classname="testcases.POModelPharmeasyTest" time="4.306"/>
  <testcase name="searchTest" classname="testcases.POModelPharmeasyTest" time="12.457">
    <failure message="no such element: Unable to locate element: {&quot;method&quot;:&quot;xpath&quot;,&quot;selector&quot;:&quot;//div[@class=&apos;_1NZHk&apos;]&quot;}&#10;  (Session info: chrome=118.0.5993.117)&#10;For documentation on this error, please visit: https://www.selenium.dev/documentation/webdriver/troubleshooting/errors#no-such-element-exception&#10;Build info: version: &apos;4.15.0&apos;, revision: &apos;1d14b5521b&apos;&#10;System info: os.name: &apos;Windows 10&apos;, os.arch: &apos;amd64&apos;, os.version: &apos;10.0&apos;, java.version: &apos;17.0.2&apos;&#10;Driver info: org.openqa.selenium.chrome.ChromeDriver&#10;Command: [9a498ce297c046f547aac8e8c36c493e, findElement {using=xpath, value=//div[@class=&apos;_1NZHk&apos;]}]&#10;Capabilities {acceptInsecureCerts: false, browserName: chrome, browserVersion: 118.0.5993.117, chrome: {chromedriverVersion: 118.0.5993.70 (e52f33f30b91..., userDataDir: C:\Users\P1344425\AppData\L...}, fedcm:accounts: true, goog:chromeOptions: {debuggerAddress: localhost:62390}, networkConnectionEnabled: false, pageLoadStrategy: normal, platformName: windows, proxy: Proxy(), se:cdp: ws://localhost:62390/devtoo..., se:cdpVersion: 118.0.5993.117, setWindowRect: true, strictFileInteractability: false, timeouts: {implicit: 0, pageLoad: 300000, script: 30000}, unhandledPromptBehavior: dismiss and notify, webauthn:extension:credBlob: true, webauthn:extension:largeBlob: true, webauthn:extension:minPinLength: true, webauthn:extension:prf: true, webauthn:virtualAuthenticators: true}&#10;Session ID: 9a498ce297c046f547aac8e8c36c493e" type="org.openqa.selenium.NoSuchElementException">org.openqa.selenium.NoSuchElementException: 
no such element: Unable to locate element: {"method":"xpath","selector":"//div[@class='_1NZHk']"}
  (Session info: chrome=118.0.5993.117)
For documentation on this error, please visit: https://www.selenium.dev/documentation/webdriver/troubleshooting/errors#no-such-element-exception
Build info: version: '4.15.0', revision: '1d14b5521b'
System info: os.name: 'Windows 10', os.arch: 'amd64', os.version: '10.0', java.version: '17.0.2'
Driver info: org.openqa.selenium.chrome.ChromeDriver
Command: [9a498ce297c046f547aac8e8c36c493e, findElement {using=xpath, value=//div[@class='_1NZHk']}]
Capabilities {acceptInsecureCerts: false, browserName: chrome, browserVersion: 118.0.5993.117, chrome: {chromedriverVersion: 118.0.5993.70 (e52f33f30b91..., userDataDir: C:\Users\P1344425\AppData\L...}, fedcm:accounts: true, goog:chromeOptions: {debuggerAddress: localhost:62390}, networkConnectionEnabled: false, pageLoadStrategy: normal, platformName: windows, proxy: Proxy(), se:cdp: ws://localhost:62390/devtoo..., se:cdpVersion: 118.0.5993.117, setWindowRect: true, strictFileInteractability: false, timeouts: {implicit: 0, pageLoad: 300000, script: 30000}, unhandledPromptBehavior: dismiss and notify, webauthn:extension:credBlob: true, webauthn:extension:largeBlob: true, webauthn:extension:minPinLength: true, webauthn:extension:prf: true, webauthn:virtualAuthenticators: true}
Session ID: 9a498ce297c046f547aac8e8c36c493e
	at testcases.POModelPharmeasyTest.searchTest(POModelPharmeasyTest.java:65)
</failure>
    <system-out><![CDATA[ Name:POModelPharmeasyTest.SetLocationTest()[pri:2, instance:testcases.POModelPharmeasyTest@355ce81c]Method Name:201]]></system-out>
  </testcase>
  <testcase name="SelectTest" classname="testcases.POModelPharmeasyTest" time="10.031">
    <failure message="no such element: Unable to locate element: {&quot;method&quot;:&quot;xpath&quot;,&quot;selector&quot;:&quot;//button[@class=&apos;_2FE4Z _2Jc-Z _1JBjj _5YN3Z _7M65L&apos;]&quot;}&#10;  (Session info: chrome=118.0.5993.117)&#10;For documentation on this error, please visit: https://www.selenium.dev/documentation/webdriver/troubleshooting/errors#no-such-element-exception&#10;Build info: version: &apos;4.15.0&apos;, revision: &apos;1d14b5521b&apos;&#10;System info: os.name: &apos;Windows 10&apos;, os.arch: &apos;amd64&apos;, os.version: &apos;10.0&apos;, java.version: &apos;17.0.2&apos;&#10;Driver info: org.openqa.selenium.chrome.ChromeDriver&#10;Command: [9a498ce297c046f547aac8e8c36c493e, findElement {using=xpath, value=//button[@class=&apos;_2FE4Z _2Jc-Z _1JBjj _5YN3Z _7M65L&apos;]}]&#10;Capabilities {acceptInsecureCerts: false, browserName: chrome, browserVersion: 118.0.5993.117, chrome: {chromedriverVersion: 118.0.5993.70 (e52f33f30b91..., userDataDir: C:\Users\P1344425\AppData\L...}, fedcm:accounts: true, goog:chromeOptions: {debuggerAddress: localhost:62390}, networkConnectionEnabled: false, pageLoadStrategy: normal, platformName: windows, proxy: Proxy(), se:cdp: ws://localhost:62390/devtoo..., se:cdpVersion: 118.0.5993.117, setWindowRect: true, strictFileInteractability: false, timeouts: {implicit: 0, pageLoad: 300000, script: 30000}, unhandledPromptBehavior: dismiss and notify, webauthn:extension:credBlob: true, webauthn:extension:largeBlob: true, webauthn:extension:minPinLength: true, webauthn:extension:prf: true, webauthn:virtualAuthenticators: true}&#10;Session ID: 9a498ce297c046f547aac8e8c36c493e" type="org.openqa.selenium.NoSuchElementException">org.openqa.selenium.NoSuchElementException: 
no such element: Unable to locate element: {"method":"xpath","selector":"//button[@class='_2FE4Z _2Jc-Z _1JBjj _5YN3Z _7M65L']"}
  (Session info: chrome=118.0.5993.117)
For documentation on this error, please visit: https://www.selenium.dev/documentation/webdriver/troubleshooting/errors#no-such-element-exception
Build info: version: '4.15.0', revision: '1d14b5521b'
System info: os.name: 'Windows 10', os.arch: 'amd64', os.version: '10.0', java.version: '17.0.2'
Driver info: org.openqa.selenium.chrome.ChromeDriver
Command: [9a498ce297c046f547aac8e8c36c493e, findElement {using=xpath, value=//button[@class='_2FE4Z _2Jc-Z _1JBjj _5YN3Z _7M65L']}]
Capabilities {acceptInsecureCerts: false, browserName: chrome, browserVersion: 118.0.5993.117, chrome: {chromedriverVersion: 118.0.5993.70 (e52f33f30b91..., userDataDir: C:\Users\P1344425\AppData\L...}, fedcm:accounts: true, goog:chromeOptions: {debuggerAddress: localhost:62390}, networkConnectionEnabled: false, pageLoadStrategy: normal, platformName: windows, proxy: Proxy(), se:cdp: ws://localhost:62390/devtoo..., se:cdpVersion: 118.0.5993.117, setWindowRect: true, strictFileInteractability: false, timeouts: {implicit: 0, pageLoad: 300000, script: 30000}, unhandledPromptBehavior: dismiss and notify, webauthn:extension:credBlob: true, webauthn:extension:largeBlob: true, webauthn:extension:minPinLength: true, webauthn:extension:prf: true, webauthn:virtualAuthenticators: true}
Session ID: 9a498ce297c046f547aac8e8c36c493e
	at testcases.POModelPharmeasyTest.SelectTest(POModelPharmeasyTest.java:78)
</failure>
    <system-out><![CDATA[ Name:POModelPharmeasyTest.searchTest()[pri:3, instance:testcases.POModelPharmeasyTest@355ce81c]Method Name:201]]></system-out>
  </testcase>
  <testcase name="ViewCartTest" classname="testcases.POModelPharmeasyTest" time="10.037">
    <failure message="no such element: Unable to locate element: {&quot;method&quot;:&quot;xpath&quot;,&quot;selector&quot;:&quot;//div[@class=&apos;showDesktop&apos;]//button[@class=&apos;_2FE4Z _2Jc-Z _2Jc-Z ZHQJn _3LBfS&apos;]&quot;}&#10;  (Session info: chrome=118.0.5993.117)&#10;For documentation on this error, please visit: https://www.selenium.dev/documentation/webdriver/troubleshooting/errors#no-such-element-exception&#10;Build info: version: &apos;4.15.0&apos;, revision: &apos;1d14b5521b&apos;&#10;System info: os.name: &apos;Windows 10&apos;, os.arch: &apos;amd64&apos;, os.version: &apos;10.0&apos;, java.version: &apos;17.0.2&apos;&#10;Driver info: org.openqa.selenium.chrome.ChromeDriver&#10;Command: [9a498ce297c046f547aac8e8c36c493e, findElement {using=xpath, value=//div[@class=&apos;showDesktop&apos;]//button[@class=&apos;_2FE4Z _2Jc-Z _2Jc-Z ZHQJn _3LBfS&apos;]}]&#10;Capabilities {acceptInsecureCerts: false, browserName: chrome, browserVersion: 118.0.5993.117, chrome: {chromedriverVersion: 118.0.5993.70 (e52f33f30b91..., userDataDir: C:\Users\P1344425\AppData\L...}, fedcm:accounts: true, goog:chromeOptions: {debuggerAddress: localhost:62390}, networkConnectionEnabled: false, pageLoadStrategy: normal, platformName: windows, proxy: Proxy(), se:cdp: ws://localhost:62390/devtoo..., se:cdpVersion: 118.0.5993.117, setWindowRect: true, strictFileInteractability: false, timeouts: {implicit: 0, pageLoad: 300000, script: 30000}, unhandledPromptBehavior: dismiss and notify, webauthn:extension:credBlob: true, webauthn:extension:largeBlob: true, webauthn:extension:minPinLength: true, webauthn:extension:prf: true, webauthn:virtualAuthenticators: true}&#10;Session ID: 9a498ce297c046f547aac8e8c36c493e" type="org.openqa.selenium.NoSuchElementException">org.openqa.selenium.NoSuchElementException: 
no such element: Unable to locate element: {"method":"xpath","selector":"//div[@class='showDesktop']//button[@class='_2FE4Z _2Jc-Z _2Jc-Z ZHQJn _3LBfS']"}
  (Session info: chrome=118.0.5993.117)
For documentation on this error, please visit: https://www.selenium.dev/documentation/webdriver/troubleshooting/errors#no-such-element-exception
Build info: version: '4.15.0', revision: '1d14b5521b'
System info: os.name: 'Windows 10', os.arch: 'amd64', os.version: '10.0', java.version: '17.0.2'
Driver info: org.openqa.selenium.chrome.ChromeDriver
Command: [9a498ce297c046f547aac8e8c36c493e, findElement {using=xpath, value=//div[@class='showDesktop']//button[@class='_2FE4Z _2Jc-Z _2Jc-Z ZHQJn _3LBfS']}]
Capabilities {acceptInsecureCerts: false, browserName: chrome, browserVersion: 118.0.5993.117, chrome: {chromedriverVersion: 118.0.5993.70 (e52f33f30b91..., userDataDir: C:\Users\P1344425\AppData\L...}, fedcm:accounts: true, goog:chromeOptions: {debuggerAddress: localhost:62390}, networkConnectionEnabled: false, pageLoadStrategy: normal, platformName: windows, proxy: Proxy(), se:cdp: ws://localhost:62390/devtoo..., se:cdpVersion: 118.0.5993.117, setWindowRect: true, strictFileInteractability: false, timeouts: {implicit: 0, pageLoad: 300000, script: 30000}, unhandledPromptBehavior: dismiss and notify, webauthn:extension:credBlob: true, webauthn:extension:largeBlob: true, webauthn:extension:minPinLength: true, webauthn:extension:prf: true, webauthn:virtualAuthenticators: true}
Session ID: 9a498ce297c046f547aac8e8c36c493e
	at testcases.POModelPharmeasyTest.ViewCartTest(POModelPharmeasyTest.java:90)
</failure>
    <system-out><![CDATA[ Name:POModelPharmeasyTest.SelectTest()[pri:4, instance:testcases.POModelPharmeasyTest@355ce81c]Method Name:201]]></system-out>
  </testcase>
  <testcase name="ProceedTest" classname="testcases.POModelPharmeasyTest" time="10.022">
    <failure message="no such element: Unable to locate element: {&quot;method&quot;:&quot;css selector&quot;,&quot;selector&quot;:&quot;#cart\-addPatient\-Dweb&quot;}&#10;  (Session info: chrome=118.0.5993.117)&#10;For documentation on this error, please visit: https://www.selenium.dev/documentation/webdriver/troubleshooting/errors#no-such-element-exception&#10;Build info: version: &apos;4.15.0&apos;, revision: &apos;1d14b5521b&apos;&#10;System info: os.name: &apos;Windows 10&apos;, os.arch: &apos;amd64&apos;, os.version: &apos;10.0&apos;, java.version: &apos;17.0.2&apos;&#10;Driver info: org.openqa.selenium.chrome.ChromeDriver&#10;Command: [9a498ce297c046f547aac8e8c36c493e, findElement {using=id, value=cart-addPatient-Dweb}]&#10;Capabilities {acceptInsecureCerts: false, browserName: chrome, browserVersion: 118.0.5993.117, chrome: {chromedriverVersion: 118.0.5993.70 (e52f33f30b91..., userDataDir: C:\Users\P1344425\AppData\L...}, fedcm:accounts: true, goog:chromeOptions: {debuggerAddress: localhost:62390}, networkConnectionEnabled: false, pageLoadStrategy: normal, platformName: windows, proxy: Proxy(), se:cdp: ws://localhost:62390/devtoo..., se:cdpVersion: 118.0.5993.117, setWindowRect: true, strictFileInteractability: false, timeouts: {implicit: 0, pageLoad: 300000, script: 30000}, unhandledPromptBehavior: dismiss and notify, webauthn:extension:credBlob: true, webauthn:extension:largeBlob: true, webauthn:extension:minPinLength: true, webauthn:extension:prf: true, webauthn:virtualAuthenticators: true}&#10;Session ID: 9a498ce297c046f547aac8e8c36c493e" type="org.openqa.selenium.NoSuchElementException">org.openqa.selenium.NoSuchElementException: 
no such element: Unable to locate element: {"method":"css selector","selector":"#cart\-addPatient\-Dweb"}
  (Session info: chrome=118.0.5993.117)
For documentation on this error, please visit: https://www.selenium.dev/documentation/webdriver/troubleshooting/errors#no-such-element-exception
Build info: version: '4.15.0', revision: '1d14b5521b'
System info: os.name: 'Windows 10', os.arch: 'amd64', os.version: '10.0', java.version: '17.0.2'
Driver info: org.openqa.selenium.chrome.ChromeDriver
Command: [9a498ce297c046f547aac8e8c36c493e, findElement {using=id, value=cart-addPatient-Dweb}]
Capabilities {acceptInsecureCerts: false, browserName: chrome, browserVersion: 118.0.5993.117, chrome: {chromedriverVersion: 118.0.5993.70 (e52f33f30b91..., userDataDir: C:\Users\P1344425\AppData\L...}, fedcm:accounts: true, goog:chromeOptions: {debuggerAddress: localhost:62390}, networkConnectionEnabled: false, pageLoadStrategy: normal, platformName: windows, proxy: Proxy(), se:cdp: ws://localhost:62390/devtoo..., se:cdpVersion: 118.0.5993.117, setWindowRect: true, strictFileInteractability: false, timeouts: {implicit: 0, pageLoad: 300000, script: 30000}, unhandledPromptBehavior: dismiss and notify, webauthn:extension:credBlob: true, webauthn:extension:largeBlob: true, webauthn:extension:minPinLength: true, webauthn:extension:prf: true, webauthn:virtualAuthenticators: true}
Session ID: 9a498ce297c046f547aac8e8c36c493e
	at testcases.POModelPharmeasyTest.ProceedTest(POModelPharmeasyTest.java:100)
</failure>
    <system-out><![CDATA[ Name:POModelPharmeasyTest.ViewCartTest()[pri:5, instance:testcases.POModelPharmeasyTest@355ce81c]Method Name:201]]></system-out>
  </testcase>
</testsuite>